2021-05-24 21:41:56.674[main]DEBUGcom.dyq.o2o.dao.ProductDao.insertProduct - ==>  Preparing: INSERT INTO tb_product(product_name,product_desc,img_addr, normal_price,promotion_price,priority,create_time, last_edit_time,enable_status,point,product_category_id, shop_id) VALUES (?,?,?, ?,?,?,?, ?,?,?,?, ?) 
2021-05-24 21:44:01.335[main]DEBUGcom.dyq.o2o.dao.ProductDao.insertProduct - ==>  Preparing: INSERT INTO tb_product(product_name,product_desc,img_addr, normal_price,promotion_price,priority,create_time, last_edit_time,enable_status,point,product_category_id, shop_id) VALUES (?,?,?, ?,?,?,?, ?,?,?,?, ?) 
2021-05-24 21:44:01.378[main]DEBUGcom.dyq.o2o.dao.ProductDao.insertProduct - ==> Parameters: 测试1(String), 测试Desc1(String), test1(String), null, null, 0(Integer), 2021-05-24 21:44:00.953(Timestamp), 2021-05-24 21:44:00.953(Timestamp), 1(Integer), null, 6(Long), 23(Long)
2021-05-24 21:46:31.156[main]DEBUGcom.dyq.o2o.dao.ProductDao.insertProduct - ==>  Preparing: INSERT INTO tb_product(product_name,product_desc,img_addr, normal_price,promotion_price,priority,create_time, last_edit_time,enable_status,point,product_category_id, shop_id) VALUES (?,?,?, ?,?,?,?, ?,?,?,?, ?) 
2021-05-24 21:46:31.204[main]DEBUGcom.dyq.o2o.dao.ProductDao.insertProduct - ==> Parameters: 测试1(String), 测试Desc1(String), test1(String), null, null, 0(Integer), 2021-05-24 21:46:30.765(Timestamp), 2021-05-24 21:46:30.765(Timestamp), 1(Integer), null, 6(Long), 23(Long)
2021-05-24 21:46:31.213[main]DEBUGcom.dyq.o2o.dao.ProductDao.insertProduct - <==    Updates: 1
2021-05-24 21:46:31.230[main]DEBUGcom.dyq.o2o.dao.ProductDao.insertProduct - ==>  Preparing: INSERT INTO tb_product(product_name,product_desc,img_addr, normal_price,promotion_price,priority,create_time, last_edit_time,enable_status,point,product_category_id, shop_id) VALUES (?,?,?, ?,?,?,?, ?,?,?,?, ?) 
2021-05-24 21:46:31.231[main]DEBUGcom.dyq.o2o.dao.ProductDao.insertProduct - ==> Parameters: 测试2(String), 测试Desc2(String), test2(String), null, null, 0(Integer), 2021-05-24 21:46:30.765(Timestamp), 2021-05-24 21:46:30.765(Timestamp), 0(Integer), null, 9(Long), 23(Long)
2021-05-24 21:46:31.235[main]DEBUGcom.dyq.o2o.dao.ProductDao.insertProduct - <==    Updates: 1
2021-05-24 21:46:31.236[main]DEBUGcom.dyq.o2o.dao.ProductDao.insertProduct - ==>  Preparing: INSERT INTO tb_product(product_name,product_desc,img_addr, normal_price,promotion_price,priority,create_time, last_edit_time,enable_status,point,product_category_id, shop_id) VALUES (?,?,?, ?,?,?,?, ?,?,?,?, ?) 
2021-05-24 21:46:31.237[main]DEBUGcom.dyq.o2o.dao.ProductDao.insertProduct - ==> Parameters: 测试3(String), 测试Desc3(String), test3(String), null, null, 0(Integer), 2021-05-24 21:46:30.765(Timestamp), 2021-05-24 21:46:30.765(Timestamp), 1(Integer), null, 14(Long), 23(Long)
2021-05-24 21:46:31.241[main]DEBUGcom.dyq.o2o.dao.ProductDao.insertProduct - <==    Updates: 1
2021-05-24 21:46:40.045[main]DEBUGcom.dyq.o2o.dao.ProductDao.queryProductList - ==>  Preparing: SELECT product_id, product_name, product_desc, img_addr, normal_price, promotion_price, priority, create_time, last_edit_time, enable_status, product_category_id, shop_id FROM tb_product ORDER BY priority DESC LIMIT ?,?; 
2021-05-24 21:46:40.076[main]DEBUGcom.dyq.o2o.dao.ProductDao.queryProductList - ==> Parameters: 0(Integer), 3(Integer)
2021-05-24 21:48:35.072[main]DEBUGcom.dyq.o2o.dao.ProductDao.queryProductList - ==>  Preparing: SELECT product_id, product_name, product_desc, img_addr, normal_price, promotion_price, priority, create_time, last_edit_time, enable_status, product_category_id, shop_id FROM tb_product ORDER BY priority DESC LIMIT ?,?; 
2021-05-24 21:48:35.102[main]DEBUGcom.dyq.o2o.dao.ProductDao.queryProductList - ==> Parameters: 0(Integer), 3(Integer)
2021-05-24 21:48:35.125[main]DEBUGcom.dyq.o2o.dao.ProductDao.queryProductList - <==      Total: 3
2021-05-24 21:48:35.140[main]DEBUGcom.dyq.o2o.dao.ProductDao.queryProductCount - ==>  Preparing: SELECT count(1) FROM tb_product 
2021-05-24 21:48:35.140[main]DEBUGcom.dyq.o2o.dao.ProductDao.queryProductCount - ==> Parameters: 
2021-05-24 21:48:35.142[main]DEBUGcom.dyq.o2o.dao.ProductDao.queryProductCount - <==      Total: 1
2021-05-24 21:48:35.144[main]DEBUGcom.dyq.o2o.dao.ProductDao.queryProductList - ==>  Preparing: SELECT product_id, product_name, product_desc, img_addr, normal_price, promotion_price, priority, create_time, last_edit_time, enable_status, product_category_id, shop_id FROM tb_product WHERE product_name like '%测试%' ORDER BY priority DESC LIMIT ?,?; 
2021-05-24 21:48:35.144[main]DEBUGcom.dyq.o2o.dao.ProductDao.queryProductList - ==> Parameters: 0(Integer), 3(Integer)
2021-05-24 21:48:35.149[main]DEBUGcom.dyq.o2o.dao.ProductDao.queryProductList - <==      Total: 3
2021-05-24 21:48:35.150[main]DEBUGcom.dyq.o2o.dao.ProductDao.queryProductCount - ==>  Preparing: SELECT count(1) FROM tb_product WHERE product_name like '%测试%' 
2021-05-24 21:48:35.151[main]DEBUGcom.dyq.o2o.dao.ProductDao.queryProductCount - ==> Parameters: 
2021-05-24 21:48:35.151[main]DEBUGcom.dyq.o2o.dao.ProductDao.queryProductCount - <==      Total: 1
2021-05-24 21:48:35.155[main]DEBUGcom.dyq.o2o.dao.ProductDao.queryProductList - ==>  Preparing: SELECT product_id, product_name, product_desc, img_addr, normal_price, promotion_price, priority, create_time, last_edit_time, enable_status, product_category_id, shop_id FROM tb_product WHERE shop_id = ? and product_name like '%测试%' ORDER BY priority DESC LIMIT ?,?; 
2021-05-24 21:48:35.155[main]DEBUGcom.dyq.o2o.dao.ProductDao.queryProductList - ==> Parameters: 2(Long), 0(Integer), 3(Integer)
2021-05-24 21:48:35.156[main]DEBUGcom.dyq.o2o.dao.ProductDao.queryProductList - <==      Total: 0
2021-05-24 21:49:07.179[main]DEBUGcom.dyq.o2o.dao.ProductDao.queryProductList - ==>  Preparing: SELECT product_id, product_name, product_desc, img_addr, normal_price, promotion_price, priority, create_time, last_edit_time, enable_status, product_category_id, shop_id FROM tb_product ORDER BY priority DESC LIMIT ?,?; 
2021-05-24 21:49:07.211[main]DEBUGcom.dyq.o2o.dao.ProductDao.queryProductList - ==> Parameters: 0(Integer), 3(Integer)
2021-05-24 21:49:07.235[main]DEBUGcom.dyq.o2o.dao.ProductDao.queryProductList - <==      Total: 3
2021-05-24 21:49:07.241[main]DEBUGcom.dyq.o2o.dao.ProductDao.queryProductCount - ==>  Preparing: SELECT count(1) FROM tb_product 
2021-05-24 21:49:07.241[main]DEBUGcom.dyq.o2o.dao.ProductDao.queryProductCount - ==> Parameters: 
2021-05-24 21:49:07.243[main]DEBUGcom.dyq.o2o.dao.ProductDao.queryProductCount - <==      Total: 1
2021-05-24 21:49:07.244[main]DEBUGcom.dyq.o2o.dao.ProductDao.queryProductList - ==>  Preparing: SELECT product_id, product_name, product_desc, img_addr, normal_price, promotion_price, priority, create_time, last_edit_time, enable_status, product_category_id, shop_id FROM tb_product WHERE product_name like '%测试%' ORDER BY priority DESC LIMIT ?,?; 
2021-05-24 21:49:07.244[main]DEBUGcom.dyq.o2o.dao.ProductDao.queryProductList - ==> Parameters: 0(Integer), 3(Integer)
2021-05-24 21:49:07.248[main]DEBUGcom.dyq.o2o.dao.ProductDao.queryProductList - <==      Total: 3
2021-05-24 21:49:07.249[main]DEBUGcom.dyq.o2o.dao.ProductDao.queryProductCount - ==>  Preparing: SELECT count(1) FROM tb_product WHERE product_name like '%测试%' 
2021-05-24 21:49:07.249[main]DEBUGcom.dyq.o2o.dao.ProductDao.queryProductCount - ==> Parameters: 
2021-05-24 21:49:07.250[main]DEBUGcom.dyq.o2o.dao.ProductDao.queryProductCount - <==      Total: 1
2021-05-24 21:49:07.253[main]DEBUGcom.dyq.o2o.dao.ProductDao.queryProductList - ==>  Preparing: SELECT product_id, product_name, product_desc, img_addr, normal_price, promotion_price, priority, create_time, last_edit_time, enable_status, product_category_id, shop_id FROM tb_product WHERE shop_id = ? and product_name like '%测试%' ORDER BY priority DESC LIMIT ?,?; 
2021-05-24 21:49:07.254[main]DEBUGcom.dyq.o2o.dao.ProductDao.queryProductList - ==> Parameters: 24(Long), 0(Integer), 3(Integer)
2021-05-24 21:49:07.255[main]DEBUGcom.dyq.o2o.dao.ProductDao.queryProductList - <==      Total: 0
2021-05-24 21:49:25.126[main]DEBUGcom.dyq.o2o.dao.ProductDao.queryProductList - ==>  Preparing: SELECT product_id, product_name, product_desc, img_addr, normal_price, promotion_price, priority, create_time, last_edit_time, enable_status, product_category_id, shop_id FROM tb_product ORDER BY priority DESC LIMIT ?,?; 
2021-05-24 21:49:25.161[main]DEBUGcom.dyq.o2o.dao.ProductDao.queryProductList - ==> Parameters: 0(Integer), 3(Integer)
2021-05-24 21:49:25.187[main]DEBUGcom.dyq.o2o.dao.ProductDao.queryProductList - <==      Total: 3
2021-05-24 21:49:25.203[main]DEBUGcom.dyq.o2o.dao.ProductDao.queryProductCount - ==>  Preparing: SELECT count(1) FROM tb_product 
2021-05-24 21:49:25.203[main]DEBUGcom.dyq.o2o.dao.ProductDao.queryProductCount - ==> Parameters: 
2021-05-24 21:49:25.205[main]DEBUGcom.dyq.o2o.dao.ProductDao.queryProductCount - <==      Total: 1
2021-05-24 21:49:25.206[main]DEBUGcom.dyq.o2o.dao.ProductDao.queryProductList - ==>  Preparing: SELECT product_id, product_name, product_desc, img_addr, normal_price, promotion_price, priority, create_time, last_edit_time, enable_status, product_category_id, shop_id FROM tb_product WHERE product_name like '%测试%' ORDER BY priority DESC LIMIT ?,?; 
2021-05-24 21:49:25.207[main]DEBUGcom.dyq.o2o.dao.ProductDao.queryProductList - ==> Parameters: 0(Integer), 3(Integer)
2021-05-24 21:49:25.211[main]DEBUGcom.dyq.o2o.dao.ProductDao.queryProductList - <==      Total: 3
2021-05-24 21:49:25.212[main]DEBUGcom.dyq.o2o.dao.ProductDao.queryProductCount - ==>  Preparing: SELECT count(1) FROM tb_product WHERE product_name like '%测试%' 
2021-05-24 21:49:25.212[main]DEBUGcom.dyq.o2o.dao.ProductDao.queryProductCount - ==> Parameters: 
2021-05-24 21:49:25.213[main]DEBUGcom.dyq.o2o.dao.ProductDao.queryProductCount - <==      Total: 1
2021-05-24 21:49:25.216[main]DEBUGcom.dyq.o2o.dao.ProductDao.queryProductList - ==>  Preparing: SELECT product_id, product_name, product_desc, img_addr, normal_price, promotion_price, priority, create_time, last_edit_time, enable_status, product_category_id, shop_id FROM tb_product WHERE shop_id = ? and product_name like '%测试%' ORDER BY priority DESC LIMIT ?,?; 
2021-05-24 21:49:25.216[main]DEBUGcom.dyq.o2o.dao.ProductDao.queryProductList - ==> Parameters: 23(Long), 0(Integer), 3(Integer)
2021-05-24 21:49:25.220[main]DEBUGcom.dyq.o2o.dao.ProductDao.queryProductList - <==      Total: 3
